<?xml version="1.0" encoding="UTF-8"?>
<testng-results ignored="0" total="4" passed="4" failed="0" skipped="0">
  <reporter-output>
  </reporter-output>
  <suite started-at="2026-05-13T16:42:55 IST" name="Default suite" finished-at="2026-05-13T16:43:24 IST" duration-ms="29228">
    <groups>
      <group name="cucumber">
        <method signature="AbstractTestNGCucumberTests.runScenario(io.cucumber.testng.PickleWrapper,io.cucumber.testng.FeatureWrapper)[pri:0, instance:com.runner.CucumberReport@74f6c5d8]" name="runScenario" class="io.cucumber.testng.AbstractTestNGCucumberTests"/>
      </group> <!-- cucumber -->
    </groups>
    <test started-at="2026-05-13T16:42:55 IST" name="Default test" finished-at="2026-05-13T16:43:24 IST" duration-ms="29228">
      <class name="com.runner.CucumberReport">
        <test-method is-config="true" signature="setUpClass(org.testng.ITestContext)[pri:0, instance:com.runner.CucumberReport@74f6c5d8]" started-at="2026-05-13T16:42:55 IST" name="setUpClass" finished-at="2026-05-13T16:42:56 IST" duration-ms="827" status="PASS">
          <params>
            <param index="0">
              <value>
                <![CDATA[org.testng.TestRunner@224c7de4]]>
              </value>
            </param>
          </params>
          <reporter-output>
          </reporter-output>
        </test-method> <!-- setUpClass -->
        <test-method signature="runScenario(io.cucumber.testng.PickleWrapper,io.cucumber.testng.FeatureWrapper)[pri:0, instance:com.runner.CucumberReport@74f6c5d8]" started-at="2026-05-13T16:42:56 IST" name="runScenario" description="Runs Cucumber Scenarios" data-provider="scenarios" finished-at="2026-05-13T16:43:09 IST" duration-ms="12730" status="PASS">
          <params>
            <param index="0">
              <value>
                <![CDATA["Add new address using data table"]]>
              </value>
            </param>
            <param index="1">
              <value>
                <![CDATA["Address Book Feature"]]>
              </value>
            </param>
          </params>
          <reporter-output>
          </reporter-output>
        </test-method> <!-- runScenario -->
        <test-method signature="runScenario(io.cucumber.testng.PickleWrapper,io.cucumber.testng.FeatureWrapper)[pri:0, instance:com.runner.CucumberReport@74f6c5d8]" started-at="2026-05-13T16:43:09 IST" name="runScenario" description="Runs Cucumber Scenarios" data-provider="scenarios" finished-at="2026-05-13T16:43:14 IST" duration-ms="5362" status="PASS">
          <params>
            <param index="0">
              <value>
                <![CDATA["Search products using different keywords"]]>
              </value>
            </param>
            <param index="1">
              <value>
                <![CDATA["Search feature in TutorialNinja website"]]>
              </value>
            </param>
          </params>
          <reporter-output>
          </reporter-output>
        </test-method> <!-- runScenario -->
        <test-method signature="runScenario(io.cucumber.testng.PickleWrapper,io.cucumber.testng.FeatureWrapper)[pri:0, instance:com.runner.CucumberReport@74f6c5d8]" started-at="2026-05-13T16:43:14 IST" name="runScenario" description="Runs Cucumber Scenarios" data-provider="scenarios" finished-at="2026-05-13T16:43:19 IST" duration-ms="5029" status="PASS">
          <params>
            <param index="0">
              <value>
                <![CDATA["Search products using different keywords"]]>
              </value>
            </param>
            <param index="1">
              <value>
                <![CDATA["Search feature in TutorialNinja website"]]>
              </value>
            </param>
          </params>
          <reporter-output>
          </reporter-output>
        </test-method> <!-- runScenario -->
        <test-method signature="runScenario(io.cucumber.testng.PickleWrapper,io.cucumber.testng.FeatureWrapper)[pri:0, instance:com.runner.CucumberReport@74f6c5d8]" started-at="2026-05-13T16:43:19 IST" name="runScenario" description="Runs Cucumber Scenarios" data-provider="scenarios" finished-at="2026-05-13T16:43:24 IST" duration-ms="5179" status="PASS">
          <params>
            <param index="0">
              <value>
                <![CDATA["Search products using different keywords"]]>
              </value>
            </param>
            <param index="1">
              <value>
                <![CDATA["Search feature in TutorialNinja website"]]>
              </value>
            </param>
          </params>
          <reporter-output>
          </reporter-output>
        </test-method> <!-- runScenario -->
        <test-method is-config="true" signature="tearDownClass()[pri:0, instance:com.runner.CucumberReport@74f6c5d8]" started-at="2026-05-13T16:43:24 IST" name="tearDownClass" finished-at="2026-05-13T16:43:24 IST" duration-ms="30" status="PASS">
          <reporter-output>
          </reporter-output>
        </test-method> <!-- tearDownClass -->
      </class> <!-- com.runner.CucumberReport -->
    </test> <!-- Default test -->
  </suite> <!-- Default suite -->
</testng-results>
