<?xml version="1.0" encoding="UTF-8"?>
<!-- Generated by org.testng.reporters.JUnitReportReporter -->
<testsuite hostname="Tony" failures="0" tests="4" name="com.runner.CucumberReport" time="28.300" errors="0" timestamp="2026-05-13T16:43:24 IST" skipped="0">
  <testcase classname="com.runner.CucumberReport" name="runScenario" time="12.730"/>
  <testcase classname="com.runner.CucumberReport" name="runScenario" time="5.029"/>
  <testcase classname="com.runner.CucumberReport" name="runScenario" time="5.362"/>
  <testcase classname="com.runner.CucumberReport" name="runScenario" time="5.179"/>
</testsuite> <!-- com.runner.CucumberReport -->
